<?xml version="1.0" encoding="UTF-8"?>
<testsuite name="ex3Test" tests="6" skipped="0" failures="0" errors="0" timestamp="2017-05-30T15:22:30" hostname="Jordens-MacBook-Pro.local" time="0.006">
  <properties/>
  <testcase name="testLazy0" classname="ex3Test" time="0.003"/>
  <testcase name="testLazy1" classname="ex3Test" time="0.0"/>
  <testcase name="testTriangle12" classname="ex3Test" time="0.001"/>
  <testcase name="testTriangle0" classname="ex3Test" time="0.0"/>
  <testcase name="testTriangle1" classname="ex3Test" time="0.0"/>
  <testcase name="testLazy12" classname="ex3Test" time="0.0"/>
  <system-out><![CDATA[]]></system-out>
  <system-err><![CDATA[]]></system-err>
</testsuite>
